# JRE version: OpenJDK Runtime Environment Temurin-21.0.10+7 (21.0.10+7) (build 21.0.10+7-LTS)
# Java VM: OpenJDK 64-Bit Server VM Temurin-21.0.10+7 (21.0.10+7-LTS, mixed mode, sharing, tiered, compressed oops, compressed class ptrs, parallel gc, windows-amd64)
GC Precious Log:
 CardTable entry size: 512
 CPUs: 8 total, 8 available
 Memory: 16221M
 Large Page Support: Disabled
 NUMA Support: Disabled
 Compressed Oops: Enabled (32-bit)
 Alignments: Space 512K, Generation 512K, Heap 2M
 Heap Min Capacity: 100M
 Heap Initial Capacity: 100M
 Heap Max Capacity: 2G
 Pre-touch: Disabled
 Parallel Workers: 8
Heap:
 PSYoungGen      total 19456K, used 11652K [0x00000000d5580000, 0x00000000d6b00000, 0x0000000100000000)
  eden space 18944K, 58% used [0x00000000d5580000,0x00000000d60652c0,0x00000000d6800000)
  from space 512K, 96% used [0x00000000d6900000,0x00000000d697c010,0x00000000d6980000)
  to   space 1536K, 0% used [0x00000000d6980000,0x00000000d6980000,0x00000000d6b00000)
 ParOldGen       total 94720K, used 94484K [0x0000000080000000, 0x0000000085c80000, 0x00000000d5580000)
  object space 94720K, 99% used [0x0000000080000000,0x0000000085c45208,0x0000000085c80000)
 Metaspace       used 67643K, committed 69120K, reserved 1114112K
  class space    used 7104K, committed 7744K, reserved 1048576K
GC Heap History (20 events):
Event: 36.361 GC heap before
{Heap before GC invocations=125 (full 3):
 PSYoungGen      total 20480K, used 20320K [0x00000000d5580000, 0x00000000d6a80000, 0x0000000100000000)
  eden space 19968K, 100% used [0x00000000d5580000,0x00000000d6900000,0x00000000d6900000)
  from space 512K, 68% used [0x00000000d6980000,0x00000000d69d8000,0x00000000d6a00000)
  to   space 512K, 0% used [0x00000000d6a00000,0x00000000d6a00000,0x00000000d6a80000)
 ParOldGen       total 86528K, used 86278K [0x0000000080000000, 0x0000000085480000, 0x00000000d5580000)
  object space 86528K, 99% used [0x0000000080000000,0x0000000085441828,0x0000000085480000)
 Metaspace       used 60901K, committed 62336K, reserved 1114112K
  class space    used 6435K, committed 7040K, reserved 1048576K
}
Event: 36.362 GC heap after
{Heap after GC invocations=125 (full 3):
 PSYoungGen      total 20480K, used 320K [0x00000000d5580000, 0x00000000d6a80000, 0x0000000100000000)
  eden space 19968K, 0% used [0x00000000d5580000,0x00000000d5580000,0x00000000d6900000)
  from space 512K, 62% used [0x00000000d6a00000,0x00000000d6a50000,0x00000000d6a80000)
  to   space 512K, 0% used [0x00000000d6980000,0x00000000d6980000,0x00000000d6a00000)
 ParOldGen       total 86528K, used 86478K [0x0000000080000000, 0x0000000085480000, 0x00000000d5580000)
  object space 86528K, 99% used [0x0000000080000000,0x0000000085473828,0x0000000085480000)
 Metaspace       used 60901K, committed 62336K, reserved 1114112K
  class space    used 6435K, committed 7040K, reserved 1048576K
}
Event: 36.463 GC heap before
{Heap before GC invocations=126 (full 3):
 PSYoungGen      total 20480K, used 20288K [0x00000000d5580000, 0x00000000d6a80000, 0x0000000100000000)
  eden space 19968K, 100% used [0x00000000d5580000,0x00000000d6900000,0x00000000d6900000)
  from space 512K, 62% used [0x00000000d6a00000,0x00000000d6a50000,0x00000000d6a80000)
  to   space 512K, 0% used [0x00000000d6980000,0x00000000d6980000,0x00000000d6a00000)
 ParOldGen       total 86528K, used 86478K [0x0000000080000000, 0x0000000085480000, 0x00000000d5580000)
  object space 86528K, 99% used [0x0000000080000000,0x0000000085473828,0x0000000085480000)
 Metaspace       used 61523K, committed 62976K, reserved 1114112K
  class space    used 6500K, committed 7104K, reserved 1048576K
}
Event: 36.465 GC heap after
{Heap after GC invocations=126 (full 3):
 PSYoungGen      total 20480K, used 512K [0x00000000d5580000, 0x00000000d6d00000, 0x0000000100000000)
  eden space 19968K, 0% used [0x00000000d5580000,0x00000000d5580000,0x00000000d6900000)
  from space 512K, 100% used [0x00000000d6980000,0x00000000d6a00000,0x00000000d6a00000)
  to   space 2048K, 0% used [0x00000000d6b00000,0x00000000d6b00000,0x00000000d6d00000)
 ParOldGen       total 87552K, used 87446K [0x0000000080000000, 0x0000000085580000, 0x00000000d5580000)
  object space 87552K, 99% used [0x0000000080000000,0x0000000085565858,0x0000000085580000)
 Metaspace       used 61523K, committed 62976K, reserved 1114112K
  class space    used 6500K, committed 7104K, reserved 1048576K
}
Event: 36.650 GC heap before
{Heap before GC invocations=127 (full 3):
 PSYoungGen      total 20480K, used 20480K [0x00000000d5580000, 0x00000000d6d00000, 0x0000000100000000)
  eden space 19968K, 100% used [0x00000000d5580000,0x00000000d6900000,0x00000000d6900000)
  from space 512K, 100% used [0x00000000d6980000,0x00000000d6a00000,0x00000000d6a00000)
  to   space 2048K, 0% used [0x00000000d6b00000,0x00000000d6b00000,0x00000000d6d00000)
 ParOldGen       total 87552K, used 87446K [0x0000000080000000, 0x0000000085580000, 0x00000000d5580000)
  object space 87552K, 99% used [0x0000000080000000,0x0000000085565858,0x0000000085580000)
 Metaspace       used 62062K, committed 63424K, reserved 1114112K
  class space    used 6568K, committed 7168K, reserved 1048576K
}
Event: 36.653 GC heap after
{Heap after GC invocations=127 (full 3):
 PSYoungGen      total 21504K, used 1385K [0x00000000d5580000, 0x00000000d6c80000, 0x0000000100000000)
  eden space 19968K, 0% used [0x00000000d5580000,0x00000000d5580000,0x00000000d6900000)
  from space 1536K, 90% used [0x00000000d6b00000,0x00000000d6c5a5f0,0x00000000d6c80000)
  to   space 1536K, 0% used [0x00000000d6980000,0x00000000d6980000,0x00000000d6b00000)
 ParOldGen       total 88064K, used 87950K [0x0000000080000000, 0x0000000085600000, 0x00000000d5580000)
  object space 88064K, 99% used [0x0000000080000000,0x00000000855e3868,0x0000000085600000)
 Metaspace       used 62062K, committed 63424K, reserved 1114112K
  class space    used 6568K, committed 7168K, reserved 1048576K
}
Event: 36.749 GC heap before
{Heap before GC invocations=128 (full 3):
 PSYoungGen      total 21504K, used 21353K [0x00000000d5580000, 0x00000000d6c80000, 0x0000000100000000)
  eden space 19968K, 100% used [0x00000000d5580000,0x00000000d6900000,0x00000000d6900000)
  from space 1536K, 90% used [0x00000000d6b00000,0x00000000d6c5a5f0,0x00000000d6c80000)
  to   space 1536K, 0% used [0x00000000d6980000,0x00000000d6980000,0x00000000d6b00000)
 ParOldGen       total 88064K, used 87950K [0x0000000080000000, 0x0000000085600000, 0x00000000d5580000)
  object space 88064K, 99% used [0x0000000080000000,0x00000000855e3868,0x0000000085600000)
 Metaspace       used 62246K, committed 63680K, reserved 1114112K
  class space    used 6572K, committed 7168K, reserved 1048576K
}
Event: 36.752 GC heap after
{Heap after GC invocations=128 (full 3):
 PSYoungGen      total 21504K, used 1422K [0x00000000d5580000, 0x00000000d6c00000, 0x0000000100000000)
  eden space 19968K, 0% used [0x00000000d5580000,0x00000000d5580000,0x00000000d6900000)
  from space 1536K, 92% used [0x00000000d6980000,0x00000000d6ae3af0,0x00000000d6b00000)
  to   space 1024K, 0% used [0x00000000d6b00000,0x00000000d6b00000,0x00000000d6c00000)
 ParOldGen       total 89088K, used 88988K [0x0000000080000000, 0x0000000085700000, 0x00000000d5580000)
  object space 89088K, 99% used [0x0000000080000000,0x00000000856e73c0,0x0000000085700000)
 Metaspace       used 62246K, committed 63680K, reserved 1114112K
  class space    used 6572K, committed 7168K, reserved 1048576K
}
Event: 37.000 GC heap before
{Heap before GC invocations=129 (full 3):
 PSYoungGen      total 21504K, used 21385K [0x00000000d5580000, 0x00000000d6c00000, 0x0000000100000000)
  eden space 19968K, 99% used [0x00000000d5580000,0x00000000d68fe9b0,0x00000000d6900000)
  from space 1536K, 92% used [0x00000000d6980000,0x00000000d6ae3af0,0x00000000d6b00000)
  to   space 1024K, 0% used [0x00000000d6b00000,0x00000000d6b00000,0x00000000d6c00000)
 ParOldGen       total 89088K, used 89020K [0x0000000080000000, 0x0000000085700000, 0x00000000d5580000)
  object space 89088K, 99% used [0x0000000080000000,0x00000000856ef0e8,0x0000000085700000)
 Metaspace       used 63572K, committed 65088K, reserved 1114112K
  class space    used 6733K, committed 7360K, reserved 1048576K
}
Event: 37.004 GC heap after
{Heap after GC invocations=129 (full 3):
 PSYoungGen      total 19968K, used 996K [0x00000000d5580000, 0x00000000d6f00000, 0x0000000100000000)
  eden space 18944K, 0% used [0x00000000d5580000,0x00000000d5580000,0x00000000d6800000)
  from space 1024K, 97% used [0x00000000d6b00000,0x00000000d6bf93a0,0x00000000d6c00000)
  to   space 3072K, 0% used [0x00000000d6800000,0x00000000d6800000,0x00000000d6b00000)
 ParOldGen       total 91136K, used 90839K [0x0000000080000000, 0x0000000085900000, 0x00000000d5580000)
  object space 91136K, 99% used [0x0000000080000000,0x00000000858b5c48,0x0000000085900000)
 Metaspace       used 63572K, committed 65088K, reserved 1114112K
  class space    used 6733K, committed 7360K, reserved 1048576K
}
Event: 37.135 GC heap before
{Heap before GC invocations=130 (full 3):
 PSYoungGen      total 19968K, used 19940K [0x00000000d5580000, 0x00000000d6f00000, 0x0000000100000000)
  eden space 18944K, 100% used [0x00000000d5580000,0x00000000d6800000,0x00000000d6800000)
  from space 1024K, 97% used [0x00000000d6b00000,0x00000000d6bf93a0,0x00000000d6c00000)
  to   space 3072K, 0% used [0x00000000d6800000,0x00000000d6800000,0x00000000d6b00000)
 ParOldGen       total 91136K, used 90841K [0x0000000080000000, 0x0000000085900000, 0x00000000d5580000)
  object space 91136K, 99% used [0x0000000080000000,0x00000000858b64e8,0x0000000085900000)
 Metaspace       used 64851K, committed 66304K, reserved 1114112K
  class space    used 6831K, committed 7424K, reserved 1048576K
}
Event: 37.138 GC heap after
{Heap after GC invocations=130 (full 3):
 PSYoungGen      total 20992K, used 1684K [0x00000000d5580000, 0x00000000d6d00000, 0x0000000100000000)
  eden space 18944K, 0% used [0x00000000d5580000,0x00000000d5580000,0x00000000d6800000)
  from space 2048K, 82% used [0x00000000d6800000,0x00000000d69a5200,0x00000000d6a00000)
  to   space 2560K, 0% used [0x00000000d6a80000,0x00000000d6a80000,0x00000000d6d00000)
 ParOldGen       total 92160K, used 91873K [0x0000000080000000, 0x0000000085a00000, 0x00000000d5580000)
  object space 92160K, 99% used [0x0000000080000000,0x00000000859b8430,0x0000000085a00000)
 Metaspace       used 64851K, committed 66304K, reserved 1114112K
  class space    used 6831K, committed 7424K, reserved 1048576K
}
Event: 37.266 GC heap before
{Heap before GC invocations=131 (full 3):
 PSYoungGen      total 20992K, used 20628K [0x00000000d5580000, 0x00000000d6d00000, 0x0000000100000000)
  eden space 18944K, 100% used [0x00000000d5580000,0x00000000d6800000,0x00000000d6800000)
  from space 2048K, 82% used [0x00000000d6800000,0x00000000d69a5200,0x00000000d6a00000)
  to   space 2560K, 0% used [0x00000000d6a80000,0x00000000d6a80000,0x00000000d6d00000)
 ParOldGen       total 92160K, used 91873K [0x0000000080000000, 0x0000000085a00000, 0x00000000d5580000)
  object space 92160K, 99% used [0x0000000080000000,0x00000000859b8430,0x0000000085a00000)
 Metaspace       used 65663K, committed 67200K, reserved 1114112K
  class space    used 6891K, committed 7552K, reserved 1048576K
}
Event: 37.268 GC heap after
{Heap after GC invocations=131 (full 3):
 PSYoungGen      total 20480K, used 1295K [0x00000000d5580000, 0x00000000d6c00000, 0x0000000100000000)
  eden space 18944K, 0% used [0x00000000d5580000,0x00000000d5580000,0x00000000d6800000)
  from space 1536K, 84% used [0x00000000d6a80000,0x00000000d6bc3d78,0x00000000d6c00000)
  to   space 1536K, 0% used [0x00000000d6900000,0x00000000d6900000,0x00000000d6a80000)
 ParOldGen       total 92672K, used 92571K [0x0000000080000000, 0x0000000085a80000, 0x00000000d5580000)
  object space 92672K, 99% used [0x0000000080000000,0x0000000085a66c20,0x0000000085a80000)
 Metaspace       used 65663K, committed 67200K, reserved 1114112K
  class space    used 6891K, committed 7552K, reserved 1048576K
}
Event: 37.418 GC heap before
{Heap before GC invocations=132 (full 3):
 PSYoungGen      total 20480K, used 20239K [0x00000000d5580000, 0x00000000d6c00000, 0x0000000100000000)
  eden space 18944K, 100% used [0x00000000d5580000,0x00000000d6800000,0x00000000d6800000)
  from space 1536K, 84% used [0x00000000d6a80000,0x00000000d6bc3d78,0x00000000d6c00000)
  to   space 1536K, 0% used [0x00000000d6900000,0x00000000d6900000,0x00000000d6a80000)
 ParOldGen       total 92672K, used 92571K [0x0000000080000000, 0x0000000085a80000, 0x00000000d5580000)
  object space 92672K, 99% used [0x0000000080000000,0x0000000085a66c20,0x0000000085a80000)
 Metaspace       used 66173K, committed 67648K, reserved 1114112K
  class space    used 6920K, committed 7552K, reserved 1048576K
}
Event: 37.420 GC heap after
{Heap after GC invocations=132 (full 3):
 PSYoungGen      total 19456K, used 480K [0x00000000d5580000, 0x00000000d6b00000, 0x0000000100000000)
  eden space 18944K, 0% used [0x00000000d5580000,0x00000000d5580000,0x00000000d6800000)
  from space 512K, 93% used [0x00000000d6900000,0x00000000d6978000,0x00000000d6980000)
  to   space 1024K, 0% used [0x00000000d6a00000,0x00000000d6a00000,0x00000000d6b00000)
 ParOldGen       total 93696K, used 93394K [0x0000000080000000, 0x0000000085b80000, 0x00000000d5580000)
  object space 93696K, 99% used [0x0000000080000000,0x0000000085b34b28,0x0000000085b80000)
 Metaspace       used 66173K, committed 67648K, reserved 1114112K
  class space    used 6920K, committed 7552K, reserved 1048576K
}
Event: 186.266 GC heap before
{Heap before GC invocations=133 (full 3):
 PSYoungGen      total 19456K, used 19424K [0x00000000d5580000, 0x00000000d6b00000, 0x0000000100000000)
  eden space 18944K, 100% used [0x00000000d5580000,0x00000000d6800000,0x00000000d6800000)
  from space 512K, 93% used [0x00000000d6900000,0x00000000d6978000,0x00000000d6980000)
  to   space 1024K, 0% used [0x00000000d6a00000,0x00000000d6a00000,0x00000000d6b00000)
 ParOldGen       total 93696K, used 93394K [0x0000000080000000, 0x0000000085b80000, 0x00000000d5580000)
  object space 93696K, 99% used [0x0000000080000000,0x0000000085b34b28,0x0000000085b80000)
 Metaspace       used 66699K, committed 68160K, reserved 1114112K
  class space    used 6985K, committed 7616K, reserved 1048576K
}
Event: 186.267 GC heap after
{Heap after GC invocations=133 (full 3):
 PSYoungGen      total 19456K, used 340K [0x00000000d5580000, 0x00000000d6a80000, 0x0000000100000000)
  eden space 18944K, 0% used [0x00000000d5580000,0x00000000d5580000,0x00000000d6800000)
  from space 512K, 66% used [0x00000000d6a00000,0x00000000d6a55200,0x00000000d6a80000)
  to   space 512K, 0% used [0x00000000d6900000,0x00000000d6900000,0x00000000d6980000)
 ParOldGen       total 94208K, used 93751K [0x0000000080000000, 0x0000000085c00000, 0x00000000d5580000)
  object space 94208K, 99% used [0x0000000080000000,0x0000000085b8dfb8,0x0000000085c00000)
 Metaspace       used 66699K, committed 68160K, reserved 1114112K
  class space    used 6985K, committed 7616K, reserved 1048576K
}
Event: 186.410 GC heap before
{Heap before GC invocations=134 (full 3):
 PSYoungGen      total 19456K, used 19284K [0x00000000d5580000, 0x00000000d6a80000, 0x0000000100000000)
  eden space 18944K, 100% used [0x00000000d5580000,0x00000000d6800000,0x00000000d6800000)
  from space 512K, 66% used [0x00000000d6a00000,0x00000000d6a55200,0x00000000d6a80000)
  to   space 512K, 0% used [0x00000000d6900000,0x00000000d6900000,0x00000000d6980000)
 ParOldGen       total 94208K, used 93751K [0x0000000080000000, 0x0000000085c00000, 0x00000000d5580000)
  object space 94208K, 99% used [0x0000000080000000,0x0000000085b8dfb8,0x0000000085c00000)
 Metaspace       used 67364K, committed 68864K, reserved 1114112K
  class space    used 7080K, committed 7744K, reserved 1048576K
}
Event: 186.411 GC heap after
{Heap after GC invocations=134 (full 3):
 PSYoungGen      total 19456K, used 496K [0x00000000d5580000, 0x00000000d6b00000, 0x0000000100000000)
  eden space 18944K, 0% used [0x00000000d5580000,0x00000000d5580000,0x00000000d6800000)
  from space 512K, 96% used [0x00000000d6900000,0x00000000d697c010,0x00000000d6980000)
  to   space 1536K, 0% used [0x00000000d6980000,0x00000000d6980000,0x00000000d6b00000)
 ParOldGen       total 94720K, used 94484K [0x0000000080000000, 0x0000000085c80000, 0x00000000d5580000)
  object space 94720K, 99% used [0x0000000080000000,0x0000000085c45208,0x0000000085c80000)
 Metaspace       used 67364K, committed 68864K, reserved 1114112K
  class space    used 7080K, committed 7744K, reserved 1048576K
}

